Arguments: 
  C:\Program Files\nodejs\node.exe C:\Users\thesh\AppData\Roaming\npm\node_modules\yarn\bin\yarn.js start

PATH: 
  C:\Program Files (x86)\Intel\iCLS Client\;C:\Program Files\Intel\iCLS Client\;C:\WINDOWS\system32;C:\WINDOWS;C:\WINDOWS\System32\Wbem;C:\WINDOWS\System32\WindowsPowerShell\v1.0\;C:\Program Files (x86)\Intel\Intel(R) Management Engine Components\DAL;C:\Program Files\Intel\Intel(R) Management Engine Components\DAL;C:\Program Files (x86)\Intel\Intel(R) Management Engine Components\IPT;C:\Program Files\Intel\Intel(R) Management Engine Components\IPT;C:\Program Files\Intel\WiFi\bin\;C:\Program Files\Common Files\Intel\WirelessCommon\;C:\Program Files\Git\cmd;C:\WINDOWS\System32\OpenSSH\;C:\Program Files\nodejs\;C:\Users\thesh\AppData\Local\Microsoft\WindowsApps;;C:\Program Files\Microsoft VS Code\bin;C:\Program Files\Heroku\bin;C:\Users\thesh\AppData\Roaming\npm

Yarn version: 
  1.5.1

Node version: 
  10.3.0

Platform: 
  win32 x64

npm manifest: 
  No manifest

yarn manifest: 
  No manifest

Lockfile: 
  No lockfile

Trace: 
  Error: Couldn't find a package.json file in "C:\\Users\\thesh\\devmtn\\Portfolio"
      at new MessageError (C:\Users\thesh\AppData\Roaming\npm\node_modules\yarn\lib\cli.js:186:110)
      at C:\Users\thesh\AppData\Roaming\npm\node_modules\yarn\lib\cli.js:40048:15
      at Generator.next (<anonymous>)
      at step (C:\Users\thesh\AppData\Roaming\npm\node_modules\yarn\lib\cli.js:98:30)
      at C:\Users\thesh\AppData\Roaming\npm\node_modules\yarn\lib\cli.js:109:13
